<?xml version="1.0" encoding="UTF-8"?>
<!-- Generated by org.testng.reporters.JUnitReportReporter -->
<testsuite hostname="LAPTOP-4ITTFQ12" failures="0" tests="10" name="com.runners.TestsRunner" time="57.533" errors="0" timestamp="2021-08-29T23:27:29 SGT" skipped="0">
  <testcase classname="com.runners.TestsRunner" name="runScenario" time="4.672"/>
  <system-out/>
  <testcase classname="com.runners.TestsRunner" name="runScenario" time="5.632"/>
  <system-out/>
  <testcase classname="com.runners.TestsRunner" name="runScenario" time="5.393"/>
  <system-out/>
  <testcase classname="com.runners.TestsRunner" name="runScenario" time="5.911"/>
  <system-out/>
  <testcase classname="com.runners.TestsRunner" name="runScenario" time="5.244"/>
  <system-out/>
  <testcase classname="com.runners.TestsRunner" name="runScenario" time="10.268"/>
  <system-out/>
  <testcase classname="com.runners.TestsRunner" name="runScenario" time="4.932"/>
  <system-out/>
  <testcase classname="com.runners.TestsRunner" name="runScenario" time="5.701"/>
  <system-out/>
  <testcase classname="com.runners.TestsRunner" name="runScenario" time="5.106"/>
  <system-out/>
  <testcase classname="com.runners.TestsRunner" name="runScenario" time="4.674"/>
  <system-out/>
</testsuite> <!-- com.runners.TestsRunner -->
